<?xml version="1.0" encoding="UTF-8"?>
<testng-results skipped="0" failed="0" ignored="0" total="1" passed="1">
  <reporter-output>
  </reporter-output>
  <suite name="Test Prime" duration-ms="51872" started-at="2021-01-31T01:17:28 IST" finished-at="2021-01-31T01:18:20 IST">
    <groups>
    </groups>
    <test name="Test Prime Home page" duration-ms="51872" started-at="2021-01-31T01:17:28 IST" finished-at="2021-01-31T01:18:20 IST">
      <class name="TestCases.TestHomepage">
        <test-method status="PASS" signature="setUp(java.lang.String)[pri:0, instance:TestCases.TestHomepage@4b9e13df]" name="setUp" is-config="true" duration-ms="9396" started-at="2021-01-31T01:17:28 IST" finished-at="2021-01-31T01:17:37 IST">
          <params>
            <param index="0">
              <value>
                <![CDATA[chrome]]>
              </value>
            </param>
          </params>
          <reporter-output>
          </reporter-output>
        </test-method> <!-- setUp -->
        <test-method status="PASS" signature="openHomePage()[pri:0, instance:TestCases.TestHomepage@4b9e13df]" name="openHomePage" duration-ms="42122" started-at="2021-01-31T01:17:37 IST" finished-at="2021-01-31T01:18:19 IST">
          <reporter-output>
          </reporter-output>
        </test-method> <!-- openHomePage -->
        <test-method status="PASS" signature="tearDown()[pri:0, instance:TestCases.TestHomepage@4b9e13df]" name="tearDown" is-config="true" duration-ms="285" started-at="2021-01-31T01:18:19 IST" finished-at="2021-01-31T01:18:20 IST">
          <reporter-output>
          </reporter-output>
        </test-method> <!-- tearDown -->
      </class> <!-- TestCases.TestHomepage -->
    </test> <!-- Test Prime Home page -->
  </suite> <!-- Test Prime -->
</testng-results>
